{"C:\\joelsanchz\\learning\\devtalles-react-0100\\02-first\\src\\app.tsx": {"path":"C:\\joelsanchz\\learning\\devtalles-react-0100\\02-first\\src\\app.tsx","all":false,"statementMap":{"0":{"start":{"line":1,"column":0},"end":{"line":1,"column":52}},"2":{"start":{"line":3,"column":0},"end":{"line":3,"column":31}},"3":{"start":{"line":4,"column":0},"end":{"line":4,"column":10}},"4":{"start":{"line":5,"column":0},"end":{"line":5,"column":9}},"5":{"start":{"line":6,"column":0},"end":{"line":6,"column":35}},"6":{"start":{"line":7,"column":0},"end":{"line":7,"column":46}},"7":{"start":{"line":8,"column":0},"end":{"line":8,"column":47}},"10":{"start":{"line":11,"column":0},"end":{"line":11,"column":1}}},"s":{"0":1,"2":1,"3":2,"4":2,"5":2,"6":2,"7":2,"10":2},"branchMap":{"0":{"type":"branch","line":3,"loc":{"start":{"line":3,"column":15},"end":{"line":11,"column":1}},"locations":[{"start":{"line":3,"column":15},"end":{"line":11,"column":1}}]}},"b":{"0":[2]},"fnMap":{"0":{"name":"App","decl":{"start":{"line":3,"column":15},"end":{"line":11,"column":1}},"loc":{"start":{"line":3,"column":15},"end":{"line":11,"column":1}},"line":3}},"f":{"0":2}}
,"C:\\joelsanchz\\learning\\devtalles-react-0100\\02-first\\src\\main.tsx": {"path":"C:\\joelsanchz\\learning\\devtalles-react-0100\\02-first\\src\\main.tsx","all":true,"statementMap":{"0":{"start":{"line":1,"column":0},"end":{"line":1,"column":35}},"1":{"start":{"line":2,"column":0},"end":{"line":2,"column":46}},"2":{"start":{"line":3,"column":0},"end":{"line":3,"column":24}},"4":{"start":{"line":5,"column":0},"end":{"line":5,"column":52}},"5":{"start":{"line":6,"column":0},"end":{"line":6,"column":14}},"6":{"start":{"line":7,"column":0},"end":{"line":7,"column":11}}},"s":{"0":0,"1":0,"2":0,"4":0,"5":0,"6":0},"branchMap":{"0":{"type":"branch","line":1,"loc":{"start":{"line":1,"column":207},"end":{"line":9,"column":2}},"locations":[{"start":{"line":1,"column":207},"end":{"line":9,"column":2}}]}},"b":{"0":[0]},"fnMap":{"0":{"name":"(empty-report)","decl":{"start":{"line":1,"column":207},"end":{"line":9,"column":2}},"loc":{"start":{"line":1,"column":207},"end":{"line":9,"column":2}},"line":1}},"f":{"0":0}}
,"C:\\joelsanchz\\learning\\devtalles-react-0100\\02-first\\src\\components\\counter.tsx": {"path":"C:\\joelsanchz\\learning\\devtalles-react-0100\\02-first\\src\\components\\counter.tsx","all":false,"statementMap":{"0":{"start":{"line":1,"column":0},"end":{"line":1,"column":33}},"9":{"start":{"line":10,"column":0},"end":{"line":10,"column":33}},"10":{"start":{"line":11,"column":0},"end":{"line":11,"column":8}},"11":{"start":{"line":12,"column":0},"end":{"line":12,"column":8}},"12":{"start":{"line":13,"column":0},"end":{"line":13,"column":11}},"13":{"start":{"line":14,"column":0},"end":{"line":14,"column":12}},"14":{"start":{"line":15,"column":0},"end":{"line":15,"column":10}},"15":{"start":{"line":16,"column":0},"end":{"line":16,"column":11}},"16":{"start":{"line":17,"column":0},"end":{"line":17,"column":44}},"17":{"start":{"line":18,"column":0},"end":{"line":18,"column":24}},"18":{"start":{"line":19,"column":0},"end":{"line":19,"column":35}},"19":{"start":{"line":20,"column":0},"end":{"line":20,"column":27}},"20":{"start":{"line":21,"column":0},"end":{"line":21,"column":3}},"21":{"start":{"line":22,"column":0},"end":{"line":22,"column":24}},"22":{"start":{"line":23,"column":0},"end":{"line":23,"column":35}},"23":{"start":{"line":24,"column":0},"end":{"line":24,"column":27}},"24":{"start":{"line":25,"column":0},"end":{"line":25,"column":3}},"25":{"start":{"line":26,"column":0},"end":{"line":26,"column":10}},"26":{"start":{"line":27,"column":0},"end":{"line":27,"column":9}},"27":{"start":{"line":28,"column":0},"end":{"line":28,"column":56}},"28":{"start":{"line":29,"column":0},"end":{"line":29,"column":71}},"29":{"start":{"line":30,"column":0},"end":{"line":30,"column":50}},"32":{"start":{"line":33,"column":0},"end":{"line":33,"column":1}}},"s":{"0":1,"9":1,"10":4,"11":4,"12":4,"13":4,"14":4,"15":4,"16":4,"17":4,"18":0,"19":0,"20":0,"21":4,"22":0,"23":0,"24":0,"25":4,"26":4,"27":4,"28":4,"29":4,"32":4},"branchMap":{"0":{"type":"branch","line":10,"loc":{"start":{"line":10,"column":15},"end":{"line":33,"column":1}},"locations":[{"start":{"line":10,"column":15},"end":{"line":33,"column":1}}]}},"b":{"0":[4]},"fnMap":{"0":{"name":"Counter","decl":{"start":{"line":10,"column":15},"end":{"line":33,"column":1}},"loc":{"start":{"line":10,"column":15},"end":{"line":33,"column":1}},"line":10},"1":{"name":"increment","decl":{"start":{"line":18,"column":2},"end":{"line":21,"column":3}},"loc":{"start":{"line":18,"column":2},"end":{"line":21,"column":3}},"line":18},"2":{"name":"decrement","decl":{"start":{"line":22,"column":2},"end":{"line":25,"column":3}},"loc":{"start":{"line":22,"column":2},"end":{"line":25,"column":3}},"line":22}},"f":{"0":4,"1":0,"2":0}}
,"C:\\joelsanchz\\learning\\devtalles-react-0100\\02-first\\src\\components\\item-counter.tsx": {"path":"C:\\joelsanchz\\learning\\devtalles-react-0100\\02-first\\src\\components\\item-counter.tsx","all":false,"statementMap":{"0":{"start":{"line":1,"column":0},"end":{"line":1,"column":33}},"9":{"start":{"line":10,"column":0},"end":{"line":10,"column":37}},"10":{"start":{"line":11,"column":0},"end":{"line":11,"column":7}},"11":{"start":{"line":12,"column":0},"end":{"line":12,"column":8}},"12":{"start":{"line":13,"column":0},"end":{"line":13,"column":11}},"13":{"start":{"line":14,"column":0},"end":{"line":14,"column":12}},"14":{"start":{"line":15,"column":0},"end":{"line":15,"column":10}},"15":{"start":{"line":16,"column":0},"end":{"line":16,"column":11}},"16":{"start":{"line":17,"column":0},"end":{"line":17,"column":44}},"17":{"start":{"line":18,"column":0},"end":{"line":18,"column":24}},"18":{"start":{"line":19,"column":0},"end":{"line":19,"column":35}},"19":{"start":{"line":20,"column":0},"end":{"line":20,"column":27}},"20":{"start":{"line":21,"column":0},"end":{"line":21,"column":3}},"21":{"start":{"line":22,"column":0},"end":{"line":22,"column":24}},"22":{"start":{"line":23,"column":0},"end":{"line":23,"column":35}},"23":{"start":{"line":24,"column":0},"end":{"line":24,"column":27}},"24":{"start":{"line":25,"column":0},"end":{"line":25,"column":3}},"25":{"start":{"line":26,"column":0},"end":{"line":26,"column":10}},"26":{"start":{"line":27,"column":0},"end":{"line":27,"column":9}},"27":{"start":{"line":28,"column":0},"end":{"line":28,"column":21}},"28":{"start":{"line":29,"column":0},"end":{"line":29,"column":71}},"29":{"start":{"line":30,"column":0},"end":{"line":30,"column":50}},"32":{"start":{"line":33,"column":0},"end":{"line":33,"column":1}}},"s":{"0":1,"9":1,"10":7,"11":7,"12":7,"13":7,"14":7,"15":7,"16":7,"17":7,"18":2,"19":1,"20":1,"21":7,"22":2,"23":1,"24":1,"25":7,"26":7,"27":7,"28":7,"29":7,"32":7},"branchMap":{"0":{"type":"branch","line":10,"loc":{"start":{"line":10,"column":15},"end":{"line":33,"column":1}},"locations":[{"start":{"line":10,"column":15},"end":{"line":33,"column":1}}]},"1":{"type":"branch","line":18,"loc":{"start":{"line":18,"column":2},"end":{"line":21,"column":3}},"locations":[{"start":{"line":18,"column":2},"end":{"line":21,"column":3}}]},"2":{"type":"branch","line":19,"loc":{"start":{"line":19,"column":28},"end":{"line":21,"column":3}},"locations":[{"start":{"line":19,"column":28},"end":{"line":21,"column":3}}]},"3":{"type":"branch","line":22,"loc":{"start":{"line":22,"column":2},"end":{"line":25,"column":3}},"locations":[{"start":{"line":22,"column":2},"end":{"line":25,"column":3}}]},"4":{"type":"branch","line":23,"loc":{"start":{"line":23,"column":28},"end":{"line":25,"column":3}},"locations":[{"start":{"line":23,"column":28},"end":{"line":25,"column":3}}]}},"b":{"0":[7],"1":[2],"2":[1],"3":[2],"4":[1]},"fnMap":{"0":{"name":"ItemCounter","decl":{"start":{"line":10,"column":15},"end":{"line":33,"column":1}},"loc":{"start":{"line":10,"column":15},"end":{"line":33,"column":1}},"line":10},"1":{"name":"increment","decl":{"start":{"line":18,"column":2},"end":{"line":21,"column":3}},"loc":{"start":{"line":18,"column":2},"end":{"line":21,"column":3}},"line":18},"2":{"name":"decrement","decl":{"start":{"line":22,"column":2},"end":{"line":25,"column":3}},"loc":{"start":{"line":22,"column":2},"end":{"line":25,"column":3}},"line":22}},"f":{"0":7,"1":2,"2":2}}
,"C:\\joelsanchz\\learning\\devtalles-react-0100\\02-first\\src\\helpers\\math.ts": {"path":"C:\\joelsanchz\\learning\\devtalles-react-0100\\02-first\\src\\helpers\\math.ts","all":false,"statementMap":{"0":{"start":{"line":1,"column":0},"end":{"line":1,"column":43}},"1":{"start":{"line":2,"column":0},"end":{"line":2,"column":15}},"2":{"start":{"line":3,"column":0},"end":{"line":3,"column":1}},"3":{"start":{"line":4,"column":0},"end":{"line":4,"column":49}},"4":{"start":{"line":5,"column":0},"end":{"line":5,"column":15}},"5":{"start":{"line":6,"column":0},"end":{"line":6,"column":1}},"6":{"start":{"line":7,"column":0},"end":{"line":7,"column":48}},"7":{"start":{"line":8,"column":0},"end":{"line":8,"column":15}},"8":{"start":{"line":9,"column":0},"end":{"line":9,"column":1}},"9":{"start":{"line":10,"column":0},"end":{"line":10,"column":46}},"10":{"start":{"line":11,"column":0},"end":{"line":11,"column":25}},"11":{"start":{"line":12,"column":0},"end":{"line":12,"column":15}},"12":{"start":{"line":13,"column":0},"end":{"line":13,"column":1}}},"s":{"0":1,"1":2,"2":2,"3":1,"4":2,"5":2,"6":1,"7":2,"8":2,"9":1,"10":3,"11":2,"12":2},"branchMap":{"0":{"type":"branch","line":1,"loc":{"start":{"line":1,"column":7},"end":{"line":3,"column":1}},"locations":[{"start":{"line":1,"column":7},"end":{"line":3,"column":1}}]},"1":{"type":"branch","line":4,"loc":{"start":{"line":4,"column":7},"end":{"line":6,"column":1}},"locations":[{"start":{"line":4,"column":7},"end":{"line":6,"column":1}}]},"2":{"type":"branch","line":7,"loc":{"start":{"line":7,"column":7},"end":{"line":9,"column":1}},"locations":[{"start":{"line":7,"column":7},"end":{"line":9,"column":1}}]},"3":{"type":"branch","line":10,"loc":{"start":{"line":10,"column":7},"end":{"line":13,"column":1}},"locations":[{"start":{"line":10,"column":7},"end":{"line":13,"column":1}}]},"4":{"type":"branch","line":11,"loc":{"start":{"line":11,"column":14},"end":{"line":11,"column":25}},"locations":[{"start":{"line":11,"column":14},"end":{"line":11,"column":25}}]},"5":{"type":"branch","line":11,"loc":{"start":{"line":11,"column":21},"end":{"line":13,"column":1}},"locations":[{"start":{"line":11,"column":21},"end":{"line":13,"column":1}}]}},"b":{"0":[2],"1":[2],"2":[2],"3":[3],"4":[1],"5":[2]},"fnMap":{"0":{"name":"add","decl":{"start":{"line":1,"column":7},"end":{"line":3,"column":1}},"loc":{"start":{"line":1,"column":7},"end":{"line":3,"column":1}},"line":1},"1":{"name":"substract","decl":{"start":{"line":4,"column":7},"end":{"line":6,"column":1}},"loc":{"start":{"line":4,"column":7},"end":{"line":6,"column":1}},"line":4},"2":{"name":"multiply","decl":{"start":{"line":7,"column":7},"end":{"line":9,"column":1}},"loc":{"start":{"line":7,"column":7},"end":{"line":9,"column":1}},"line":7},"3":{"name":"divide","decl":{"start":{"line":10,"column":7},"end":{"line":13,"column":1}},"loc":{"start":{"line":10,"column":7},"end":{"line":13,"column":1}},"line":10}},"f":{"0":2,"1":2,"2":2,"3":3}}
}
